[0.425s] Invoking command in '/home/movimiento/Workspaces/turtle_ws/build/class_pkg': PYTHONPATH=/home/movimiento/Workspaces/turtle_ws/build/class_pkg/prefix_override:/usr/lib/python3/dist-packages/colcon_core/task/python/colcon_distutils_commands:/home/movimiento/Workspaces/turtle_ws/install/class_pkg/lib/python3.10/site-packages:${PYTHONPATH} /usr/bin/python3 -W ignore:setup.py install is deprecated setup.py develop --editable --build-directory /home/movimiento/Workspaces/turtle_ws/build/class_pkg/build --no-deps symlink_data
[0.578s] running develop
[0.579s] /usr/lib/python3/dist-packages/setuptools/command/easy_install.py:158: EasyInstallDeprecationWarning: easy_install command is deprecated. Use build and pip and other standards-based tools.
[0.579s]   warnings.warn(
[0.680s] running egg_info
[0.680s] creating class_pkg.egg-info
[0.680s] writing class_pkg.egg-info/PKG-INFO
[0.680s] writing dependency_links to class_pkg.egg-info/dependency_links.txt
[0.680s] writing entry points to class_pkg.egg-info/entry_points.txt
[0.680s] writing requirements to class_pkg.egg-info/requires.txt
[0.680s] writing top-level names to class_pkg.egg-info/top_level.txt
[0.680s] writing manifest file 'class_pkg.egg-info/SOURCES.txt'
[0.681s] reading manifest file 'class_pkg.egg-info/SOURCES.txt'
[0.682s] writing manifest file 'class_pkg.egg-info/SOURCES.txt'
[0.682s] running build_ext
[0.682s] Creating /home/movimiento/Workspaces/turtle_ws/install/class_pkg/lib/python3.10/site-packages/class-pkg.egg-link (link to .)
[0.683s] Installing turtle_nav script to /home/movimiento/Workspaces/turtle_ws/install/class_pkg/lib/class_pkg
[0.683s] 
[0.683s] Installed /home/movimiento/Workspaces/turtle_ws/build/class_pkg
[0.683s] running symlink_data
[0.683s] creating /home/movimiento/Workspaces/turtle_ws/install/class_pkg/share/ament_index
[0.683s] creating /home/movimiento/Workspaces/turtle_ws/install/class_pkg/share/ament_index/resource_index
[0.683s] creating /home/movimiento/Workspaces/turtle_ws/install/class_pkg/share/ament_index/resource_index/packages
[0.683s] symbolically linking /home/movimiento/Workspaces/turtle_ws/build/class_pkg/resource/class_pkg -> /home/movimiento/Workspaces/turtle_ws/install/class_pkg/share/ament_index/resource_index/packages
[0.683s] symbolically linking /home/movimiento/Workspaces/turtle_ws/build/class_pkg/package.xml -> /home/movimiento/Workspaces/turtle_ws/install/class_pkg/share/class_pkg
[0.698s] Invoked command in '/home/movimiento/Workspaces/turtle_ws/build/class_pkg' returned '0': PYTHONPATH=/home/movimiento/Workspaces/turtle_ws/build/class_pkg/prefix_override:/usr/lib/python3/dist-packages/colcon_core/task/python/colcon_distutils_commands:/home/movimiento/Workspaces/turtle_ws/install/class_pkg/lib/python3.10/site-packages:${PYTHONPATH} /usr/bin/python3 -W ignore:setup.py install is deprecated setup.py develop --editable --build-directory /home/movimiento/Workspaces/turtle_ws/build/class_pkg/build --no-deps symlink_data
